#! /c/Source/iverilog-install/bin/vvp
:ivl_version "12.0 (devel)" "(s20150603-1539-g2693dd32b)";
:ivl_delay_selection "TYPICAL";
:vpi_time_precision + 0;
:vpi_module "C:\iverilog\lib\ivl\system.vpi";
:vpi_module "C:\iverilog\lib\ivl\vhdl_sys.vpi";
:vpi_module "C:\iverilog\lib\ivl\vhdl_textio.vpi";
:vpi_module "C:\iverilog\lib\ivl\v2005_math.vpi";
:vpi_module "C:\iverilog\lib\ivl\va_math.vpi";
S_0000014472a0d500 .scope module, "TestPoS_SoP" "TestPoS_SoP" 2 25;
 .timescale 0 0;
v0000014472a91e90_0 .var "i", 3 0;
v0000014472a918f0_0 .net "pa", 0 0, L_0000014472a98970;  1 drivers
v0000014472a917b0_0 .net "pb", 0 0, L_0000014472a987b0;  1 drivers
v0000014472a91850_0 .net "pc", 0 0, L_0000014472a9ade0;  1 drivers
v0000014472a908b0_0 .net "pd", 0 0, L_0000014472a9a9f0;  1 drivers
v0000014472a909f0_0 .net "pe", 0 0, L_0000014472aa1370;  1 drivers
v0000014472a90950_0 .net "sa", 0 0, L_0000014472a2dce0;  1 drivers
v0000014472a91f30_0 .net "sb", 0 0, L_0000014472a2dea0;  1 drivers
v0000014472a90a90_0 .net "sc", 0 0, L_0000014472a95230;  1 drivers
v0000014472a92390_0 .net "sd", 0 0, L_0000014472a97540;  1 drivers
v0000014472a90ef0_0 .net "se", 0 0, L_0000014472a98820;  1 drivers
v0000014472a91fd0_0 .var "w", 0 0;
v0000014472a92e60_0 .var "x", 0 0;
v0000014472a92a00_0 .var "y", 0 0;
v0000014472a92f00_0 .var "z", 0 0;
S_0000014472a0d690 .scope module, "uut" "PoS_SoP" 2 30, 2 6 0, S_0000014472a0d500;
 .timescale 0 0;
    .port_info 0 /OUTPUT 1 "sa";
    .port_info 1 /OUTPUT 1 "sb";
    .port_info 2 /OUTPUT 1 "sc";
    .port_info 3 /OUTPUT 1 "sd";
    .port_info 4 /OUTPUT 1 "se";
    .port_info 5 /OUTPUT 1 "pa";
    .port_info 6 /OUTPUT 1 "pb";
    .port_info 7 /OUTPUT 1 "pc";
    .port_info 8 /OUTPUT 1 "pd";
    .port_info 9 /OUTPUT 1 "pe";
    .port_info 10 /INPUT 1 "x";
    .port_info 11 /INPUT 1 "y";
    .port_info 12 /INPUT 1 "z";
    .port_info 13 /INPUT 1 "w";
L_0000014472a2d7a0 .functor NOT 1, v0000014472a92e60_0, C4<0>, C4<0>, C4<0>;
L_0000014472a2dce0 .functor AND 1, L_0000014472a2d7a0, v0000014472a92a00_0, C4<1>, C4<1>;
L_0000014472a2d650 .functor NOT 1, v0000014472a92e60_0, C4<0>, C4<0>, C4<0>;
L_0000014472a2d880 .functor NOT 1, v0000014472a92a00_0, C4<0>, C4<0>, C4<0>;
L_0000014472a2d730 .functor AND 1, L_0000014472a2d650, L_0000014472a2d880, C4<1>, C4<1>;
L_0000014472a2d810 .functor NOT 1, v0000014472a92a00_0, C4<0>, C4<0>, C4<0>;
L_0000014472a2dab0 .functor AND 1, v0000014472a92e60_0, L_0000014472a2d810, C4<1>, C4<1>;
L_0000014472a2dea0 .functor OR 1, L_0000014472a2d730, L_0000014472a2dab0, C4<0>, C4<0>;
L_0000014472a2dd50 .functor NOT 1, v0000014472a92e60_0, C4<0>, C4<0>, C4<0>;
L_0000014472a2d9d0 .functor NOT 1, v0000014472a92a00_0, C4<0>, C4<0>, C4<0>;
L_0000014472a2ddc0 .functor AND 1, L_0000014472a2dd50, L_0000014472a2d9d0, C4<1>, C4<1>;
L_0000014472a2e290 .functor NOT 1, v0000014472a92f00_0, C4<0>, C4<0>, C4<0>;
L_0000014472a2e300 .functor AND 1, L_0000014472a2ddc0, L_0000014472a2e290, C4<1>, C4<1>;
L_0000014472a2e3e0 .functor NOT 1, v0000014472a92e60_0, C4<0>, C4<0>, C4<0>;
L_0000014472a2de30 .functor AND 1, L_0000014472a2e3e0, v0000014472a92a00_0, C4<1>, C4<1>;
L_0000014472a2e370 .functor NOT 1, v0000014472a92f00_0, C4<0>, C4<0>, C4<0>;
L_0000014472a95070 .functor AND 1, L_0000014472a2de30, L_0000014472a2e370, C4<1>, C4<1>;
L_0000014472a94f90 .functor OR 1, L_0000014472a2e300, L_0000014472a95070, C4<0>, C4<0>;
L_0000014472a94a50 .functor NOT 1, v0000014472a92e60_0, C4<0>, C4<0>, C4<0>;
L_0000014472a94890 .functor AND 1, L_0000014472a94a50, v0000014472a92a00_0, C4<1>, C4<1>;
L_0000014472a95380 .functor AND 1, L_0000014472a94890, v0000014472a92f00_0, C4<1>, C4<1>;
L_0000014472a94ac0 .functor OR 1, L_0000014472a94f90, L_0000014472a95380, C4<0>, C4<0>;
L_0000014472a94ba0 .functor NOT 1, v0000014472a92a00_0, C4<0>, C4<0>, C4<0>;
L_0000014472a95000 .functor AND 1, v0000014472a92e60_0, L_0000014472a94ba0, C4<1>, C4<1>;
L_0000014472a94b30 .functor NOT 1, v0000014472a92f00_0, C4<0>, C4<0>, C4<0>;
L_0000014472a94580 .functor AND 1, L_0000014472a95000, L_0000014472a94b30, C4<1>, C4<1>;
L_0000014472a952a0 .functor OR 1, L_0000014472a94ac0, L_0000014472a94580, C4<0>, C4<0>;
L_0000014472a94c10 .functor AND 1, v0000014472a92e60_0, v0000014472a92a00_0, C4<1>, C4<1>;
L_0000014472a94c80 .functor NOT 1, v0000014472a92f00_0, C4<0>, C4<0>, C4<0>;
L_0000014472a945f0 .functor AND 1, L_0000014472a94c10, L_0000014472a94c80, C4<1>, C4<1>;
L_0000014472a95310 .functor OR 1, L_0000014472a952a0, L_0000014472a945f0, C4<0>, C4<0>;
L_0000014472a94cf0 .functor AND 1, v0000014472a92e60_0, v0000014472a92a00_0, C4<1>, C4<1>;
L_0000014472a953f0 .functor AND 1, L_0000014472a94cf0, v0000014472a92f00_0, C4<1>, C4<1>;
L_0000014472a95230 .functor OR 1, L_0000014472a95310, L_0000014472a953f0, C4<0>, C4<0>;
L_0000014472a94900 .functor NOT 1, v0000014472a92e60_0, C4<0>, C4<0>, C4<0>;
L_0000014472a94510 .functor NOT 1, v0000014472a92a00_0, C4<0>, C4<0>, C4<0>;
L_0000014472a947b0 .functor AND 1, L_0000014472a94900, L_0000014472a94510, C4<1>, C4<1>;
L_0000014472a94f20 .functor NOT 1, v0000014472a92f00_0, C4<0>, C4<0>, C4<0>;
L_0000014472a94660 .functor AND 1, L_0000014472a947b0, L_0000014472a94f20, C4<1>, C4<1>;
L_0000014472a94d60 .functor NOT 1, v0000014472a92e60_0, C4<0>, C4<0>, C4<0>;
L_0000014472a95150 .functor AND 1, L_0000014472a94d60, v0000014472a92a00_0, C4<1>, C4<1>;
L_0000014472a94820 .functor NOT 1, v0000014472a92f00_0, C4<0>, C4<0>, C4<0>;
L_0000014472a94740 .functor AND 1, L_0000014472a95150, L_0000014472a94820, C4<1>, C4<1>;
L_0000014472a94970 .functor OR 1, L_0000014472a94660, L_0000014472a94740, C4<0>, C4<0>;
L_0000014472a946d0 .functor NOT 1, v0000014472a92a00_0, C4<0>, C4<0>, C4<0>;
L_0000014472a949e0 .functor AND 1, v0000014472a92e60_0, L_0000014472a946d0, C4<1>, C4<1>;
L_0000014472a950e0 .functor NOT 1, v0000014472a92f00_0, C4<0>, C4<0>, C4<0>;
L_0000014472a951c0 .functor AND 1, L_0000014472a949e0, L_0000014472a950e0, C4<1>, C4<1>;
L_0000014472a94dd0 .functor OR 1, L_0000014472a94970, L_0000014472a951c0, C4<0>, C4<0>;
L_0000014472a94e40 .functor NOT 1, v0000014472a92a00_0, C4<0>, C4<0>, C4<0>;
L_0000014472a94eb0 .functor AND 1, v0000014472a92e60_0, L_0000014472a94e40, C4<1>, C4<1>;
L_0000014472a97620 .functor AND 1, L_0000014472a94eb0, v0000014472a92f00_0, C4<1>, C4<1>;
L_0000014472a97540 .functor OR 1, L_0000014472a94dd0, L_0000014472a97620, C4<0>, C4<0>;
L_0000014472a97000 .functor NOT 1, v0000014472a92e60_0, C4<0>, C4<0>, C4<0>;
L_0000014472a97700 .functor NOT 1, v0000014472a92a00_0, C4<0>, C4<0>, C4<0>;
L_0000014472a96890 .functor AND 1, L_0000014472a97000, L_0000014472a97700, C4<1>, C4<1>;
L_0000014472a96970 .functor NOT 1, v0000014472a91fd0_0, C4<0>, C4<0>, C4<0>;
L_0000014472a96b30 .functor AND 1, L_0000014472a96890, L_0000014472a96970, C4<1>, C4<1>;
L_0000014472a97690 .functor NOT 1, v0000014472a92f00_0, C4<0>, C4<0>, C4<0>;
L_0000014472a97770 .functor AND 1, L_0000014472a96b30, L_0000014472a97690, C4<1>, C4<1>;
L_0000014472a97380 .functor NOT 1, v0000014472a92e60_0, C4<0>, C4<0>, C4<0>;
L_0000014472a96900 .functor NOT 1, v0000014472a92a00_0, C4<0>, C4<0>, C4<0>;
L_0000014472a97230 .functor AND 1, L_0000014472a97380, L_0000014472a96900, C4<1>, C4<1>;
L_0000014472a97310 .functor AND 1, L_0000014472a97230, v0000014472a91fd0_0, C4<1>, C4<1>;
L_0000014472a969e0 .functor AND 1, L_0000014472a97310, v0000014472a92f00_0, C4<1>, C4<1>;
L_0000014472a972a0 .functor OR 1, L_0000014472a97770, L_0000014472a969e0, C4<0>, C4<0>;
L_0000014472a96e40 .functor NOT 1, v0000014472a92e60_0, C4<0>, C4<0>, C4<0>;
L_0000014472a96ba0 .functor AND 1, L_0000014472a96e40, v0000014472a92a00_0, C4<1>, C4<1>;
L_0000014472a973f0 .functor NOT 1, v0000014472a91fd0_0, C4<0>, C4<0>, C4<0>;
L_0000014472a96c10 .functor AND 1, L_0000014472a96ba0, L_0000014472a973f0, C4<1>, C4<1>;
L_0000014472a96cf0 .functor AND 1, L_0000014472a96c10, v0000014472a92f00_0, C4<1>, C4<1>;
L_0000014472a96c80 .functor OR 1, L_0000014472a972a0, L_0000014472a96cf0, C4<0>, C4<0>;
L_0000014472a96d60 .functor NOT 1, v0000014472a92e60_0, C4<0>, C4<0>, C4<0>;
L_0000014472a96dd0 .functor AND 1, L_0000014472a96d60, v0000014472a92a00_0, C4<1>, C4<1>;
L_0000014472a96eb0 .functor AND 1, L_0000014472a96dd0, v0000014472a91fd0_0, C4<1>, C4<1>;
L_0000014472a97070 .functor NOT 1, v0000014472a92f00_0, C4<0>, C4<0>, C4<0>;
L_0000014472a96f20 .functor AND 1, L_0000014472a96eb0, L_0000014472a97070, C4<1>, C4<1>;
L_0000014472a96a50 .functor OR 1, L_0000014472a96c80, L_0000014472a96f20, C4<0>, C4<0>;
L_0000014472a97150 .functor NOT 1, v0000014472a92a00_0, C4<0>, C4<0>, C4<0>;
L_0000014472a970e0 .functor AND 1, v0000014472a92e60_0, L_0000014472a97150, C4<1>, C4<1>;
L_0000014472a971c0 .functor NOT 1, v0000014472a91fd0_0, C4<0>, C4<0>, C4<0>;
L_0000014472a96f90 .functor AND 1, L_0000014472a970e0, L_0000014472a971c0, C4<1>, C4<1>;
L_0000014472a975b0 .functor NOT 1, v0000014472a92f00_0, C4<0>, C4<0>, C4<0>;
L_0000014472a96ac0 .functor AND 1, L_0000014472a96f90, L_0000014472a975b0, C4<1>, C4<1>;
L_0000014472a97460 .functor OR 1, L_0000014472a96a50, L_0000014472a96ac0, C4<0>, C4<0>;
L_0000014472a974d0 .functor NOT 1, v0000014472a92a00_0, C4<0>, C4<0>, C4<0>;
L_0000014472a980b0 .functor AND 1, v0000014472a92e60_0, L_0000014472a974d0, C4<1>, C4<1>;
L_0000014472a983c0 .functor AND 1, L_0000014472a980b0, v0000014472a91fd0_0, C4<1>, C4<1>;
L_0000014472a98200 .functor NOT 1, v0000014472a92f00_0, C4<0>, C4<0>, C4<0>;
L_0000014472a98270 .functor AND 1, L_0000014472a983c0, L_0000014472a98200, C4<1>, C4<1>;
L_0000014472a97fd0 .functor OR 1, L_0000014472a97460, L_0000014472a98270, C4<0>, C4<0>;
L_0000014472a97e80 .functor AND 1, v0000014472a92e60_0, v0000014472a92a00_0, C4<1>, C4<1>;
L_0000014472a989e0 .functor NOT 1, v0000014472a91fd0_0, C4<0>, C4<0>, C4<0>;
L_0000014472a97ef0 .functor AND 1, L_0000014472a97e80, L_0000014472a989e0, C4<1>, C4<1>;
L_0000014472a98040 .functor NOT 1, v0000014472a92f00_0, C4<0>, C4<0>, C4<0>;
L_0000014472a98350 .functor AND 1, L_0000014472a97ef0, L_0000014472a98040, C4<1>, C4<1>;
L_0000014472a97f60 .functor OR 1, L_0000014472a97fd0, L_0000014472a98350, C4<0>, C4<0>;
L_0000014472a98ac0 .functor AND 1, v0000014472a92e60_0, v0000014472a92a00_0, C4<1>, C4<1>;
L_0000014472a98430 .functor AND 1, L_0000014472a98ac0, v0000014472a91fd0_0, C4<1>, C4<1>;
L_0000014472a98a50 .functor NOT 1, v0000014472a92f00_0, C4<0>, C4<0>, C4<0>;
L_0000014472a98b30 .functor AND 1, L_0000014472a98430, L_0000014472a98a50, C4<1>, C4<1>;
L_0000014472a98ba0 .functor OR 1, L_0000014472a97f60, L_0000014472a98b30, C4<0>, C4<0>;
L_0000014472a97cc0 .functor AND 1, v0000014472a92e60_0, v0000014472a92a00_0, C4<1>, C4<1>;
L_0000014472a98120 .functor AND 1, L_0000014472a97cc0, v0000014472a91fd0_0, C4<1>, C4<1>;
L_0000014472a98190 .functor AND 1, L_0000014472a98120, v0000014472a92f00_0, C4<1>, C4<1>;
L_0000014472a98820 .functor OR 1, L_0000014472a98ba0, L_0000014472a98190, C4<0>, C4<0>;
L_0000014472a98900 .functor OR 1, v0000014472a92e60_0, v0000014472a92a00_0, C4<0>, C4<0>;
L_0000014472a97d30 .functor NOT 1, v0000014472a92e60_0, C4<0>, C4<0>, C4<0>;
L_0000014472a97da0 .functor OR 1, L_0000014472a97d30, v0000014472a92a00_0, C4<0>, C4<0>;
L_0000014472a982e0 .functor AND 1, L_0000014472a98900, L_0000014472a97da0, C4<1>, C4<1>;
L_0000014472a984a0 .functor NOT 1, v0000014472a92e60_0, C4<0>, C4<0>, C4<0>;
L_0000014472a98510 .functor NOT 1, v0000014472a92a00_0, C4<0>, C4<0>, C4<0>;
L_0000014472a98890 .functor OR 1, L_0000014472a984a0, L_0000014472a98510, C4<0>, C4<0>;
L_0000014472a98970 .functor AND 1, L_0000014472a982e0, L_0000014472a98890, C4<1>, C4<1>;
L_0000014472a98580 .functor NOT 1, v0000014472a92a00_0, C4<0>, C4<0>, C4<0>;
L_0000014472a985f0 .functor OR 1, v0000014472a92e60_0, L_0000014472a98580, C4<0>, C4<0>;
L_0000014472a97e10 .functor NOT 1, v0000014472a92e60_0, C4<0>, C4<0>, C4<0>;
L_0000014472a98660 .functor NOT 1, v0000014472a92a00_0, C4<0>, C4<0>, C4<0>;
L_0000014472a98740 .functor OR 1, L_0000014472a97e10, L_0000014472a98660, C4<0>, C4<0>;
L_0000014472a987b0 .functor AND 1, L_0000014472a985f0, L_0000014472a98740, C4<1>, C4<1>;
L_0000014472a986d0 .functor OR 1, v0000014472a92e60_0, v0000014472a92a00_0, C4<0>, C4<0>;
L_0000014472a9ad70 .functor NOT 1, v0000014472a92f00_0, C4<0>, C4<0>, C4<0>;
L_0000014472a9a210 .functor OR 1, L_0000014472a986d0, L_0000014472a9ad70, C4<0>, C4<0>;
L_0000014472a9a910 .functor NOT 1, v0000014472a92e60_0, C4<0>, C4<0>, C4<0>;
L_0000014472a9a360 .functor OR 1, L_0000014472a9a910, v0000014472a92a00_0, C4<0>, C4<0>;
L_0000014472a9abb0 .functor NOT 1, v0000014472a92f00_0, C4<0>, C4<0>, C4<0>;
L_0000014472a9ad00 .functor OR 1, L_0000014472a9a360, L_0000014472a9abb0, C4<0>, C4<0>;
L_0000014472a9ade0 .functor AND 1, L_0000014472a9a210, L_0000014472a9ad00, C4<1>, C4<1>;
L_0000014472a9a830 .functor OR 1, v0000014472a92e60_0, v0000014472a92a00_0, C4<0>, C4<0>;
L_0000014472a9a2f0 .functor NOT 1, v0000014472a92f00_0, C4<0>, C4<0>, C4<0>;
L_0000014472a9a520 .functor OR 1, L_0000014472a9a830, L_0000014472a9a2f0, C4<0>, C4<0>;
L_0000014472a9af30 .functor NOT 1, v0000014472a92a00_0, C4<0>, C4<0>, C4<0>;
L_0000014472a9a750 .functor OR 1, v0000014472a92e60_0, L_0000014472a9af30, C4<0>, C4<0>;
L_0000014472a9a4b0 .functor NOT 1, v0000014472a92f00_0, C4<0>, C4<0>, C4<0>;
L_0000014472a9a1a0 .functor OR 1, L_0000014472a9a750, L_0000014472a9a4b0, C4<0>, C4<0>;
L_0000014472a9aec0 .functor AND 1, L_0000014472a9a520, L_0000014472a9a1a0, C4<1>, C4<1>;
L_0000014472a9ae50 .functor NOT 1, v0000014472a92e60_0, C4<0>, C4<0>, C4<0>;
L_0000014472a9a130 .functor NOT 1, v0000014472a92a00_0, C4<0>, C4<0>, C4<0>;
L_0000014472a9a7c0 .functor OR 1, L_0000014472a9ae50, L_0000014472a9a130, C4<0>, C4<0>;
L_0000014472a9ac90 .functor OR 1, L_0000014472a9a7c0, v0000014472a92f00_0, C4<0>, C4<0>;
L_0000014472a9a3d0 .functor AND 1, L_0000014472a9aec0, L_0000014472a9ac90, C4<1>, C4<1>;
L_0000014472a9afa0 .functor NOT 1, v0000014472a92e60_0, C4<0>, C4<0>, C4<0>;
L_0000014472a9a0c0 .functor NOT 1, v0000014472a92a00_0, C4<0>, C4<0>, C4<0>;
L_0000014472a9a280 .functor OR 1, L_0000014472a9afa0, L_0000014472a9a0c0, C4<0>, C4<0>;
L_0000014472a9a440 .functor NOT 1, v0000014472a92f00_0, C4<0>, C4<0>, C4<0>;
L_0000014472a9a590 .functor OR 1, L_0000014472a9a280, L_0000014472a9a440, C4<0>, C4<0>;
L_0000014472a9a9f0 .functor AND 1, L_0000014472a9a3d0, L_0000014472a9a590, C4<1>, C4<1>;
L_0000014472a9a600 .functor OR 1, v0000014472a92e60_0, v0000014472a92a00_0, C4<0>, C4<0>;
L_0000014472a9a670 .functor OR 1, L_0000014472a9a600, v0000014472a91fd0_0, C4<0>, C4<0>;
L_0000014472a9aa60 .functor NOT 1, v0000014472a92f00_0, C4<0>, C4<0>, C4<0>;
L_0000014472a9a6e0 .functor OR 1, L_0000014472a9a670, L_0000014472a9aa60, C4<0>, C4<0>;
L_0000014472a9a8a0 .functor OR 1, v0000014472a92e60_0, v0000014472a92a00_0, C4<0>, C4<0>;
L_0000014472a9a980 .functor NOT 1, v0000014472a91fd0_0, C4<0>, C4<0>, C4<0>;
L_0000014472a9aad0 .functor OR 1, L_0000014472a9a8a0, L_0000014472a9a980, C4<0>, C4<0>;
L_0000014472a9ab40 .functor OR 1, L_0000014472a9aad0, v0000014472a92f00_0, C4<0>, C4<0>;
L_0000014472a9ac20 .functor AND 1, L_0000014472a9a6e0, L_0000014472a9ab40, C4<1>, C4<1>;
L_0000014472aa1df0 .functor NOT 1, v0000014472a92a00_0, C4<0>, C4<0>, C4<0>;
L_0000014472aa2090 .functor OR 1, v0000014472a92e60_0, L_0000014472aa1df0, C4<0>, C4<0>;
L_0000014472aa2170 .functor OR 1, L_0000014472aa2090, v0000014472a91fd0_0, C4<0>, C4<0>;
L_0000014472aa1a00 .functor OR 1, L_0000014472aa2170, v0000014472a92f00_0, C4<0>, C4<0>;
L_0000014472aa18b0 .functor AND 1, L_0000014472a9ac20, L_0000014472aa1a00, C4<1>, C4<1>;
L_0000014472aa1610 .functor NOT 1, v0000014472a92a00_0, C4<0>, C4<0>, C4<0>;
L_0000014472aa1680 .functor OR 1, v0000014472a92e60_0, L_0000014472aa1610, C4<0>, C4<0>;
L_0000014472aa1290 .functor NOT 1, v0000014472a91fd0_0, C4<0>, C4<0>, C4<0>;
L_0000014472aa1760 .functor OR 1, L_0000014472aa1680, L_0000014472aa1290, C4<0>, C4<0>;
L_0000014472aa1920 .functor NOT 1, v0000014472a92f00_0, C4<0>, C4<0>, C4<0>;
L_0000014472aa2020 .functor OR 1, L_0000014472aa1760, L_0000014472aa1920, C4<0>, C4<0>;
L_0000014472aa16f0 .functor AND 1, L_0000014472aa18b0, L_0000014472aa2020, C4<1>, C4<1>;
L_0000014472aa1b50 .functor NOT 1, v0000014472a92e60_0, C4<0>, C4<0>, C4<0>;
L_0000014472aa1bc0 .functor OR 1, L_0000014472aa1b50, v0000014472a92a00_0, C4<0>, C4<0>;
L_0000014472aa1530 .functor OR 1, L_0000014472aa1bc0, v0000014472a91fd0_0, C4<0>, C4<0>;
L_0000014472aa1e60 .functor NOT 1, v0000014472a92f00_0, C4<0>, C4<0>, C4<0>;
L_0000014472aa17d0 .functor OR 1, L_0000014472aa1530, L_0000014472aa1e60, C4<0>, C4<0>;
L_0000014472aa15a0 .functor AND 1, L_0000014472aa16f0, L_0000014472aa17d0, C4<1>, C4<1>;
L_0000014472aa1a70 .functor NOT 1, v0000014472a92e60_0, C4<0>, C4<0>, C4<0>;
L_0000014472aa1d10 .functor OR 1, L_0000014472aa1a70, v0000014472a92a00_0, C4<0>, C4<0>;
L_0000014472aa1840 .functor NOT 1, v0000014472a91fd0_0, C4<0>, C4<0>, C4<0>;
L_0000014472aa1d80 .functor OR 1, L_0000014472aa1d10, L_0000014472aa1840, C4<0>, C4<0>;
L_0000014472aa1990 .functor NOT 1, v0000014472a92f00_0, C4<0>, C4<0>, C4<0>;
L_0000014472aa1c30 .functor OR 1, L_0000014472aa1d80, L_0000014472aa1990, C4<0>, C4<0>;
L_0000014472aa1ca0 .functor AND 1, L_0000014472aa15a0, L_0000014472aa1c30, C4<1>, C4<1>;
L_0000014472aa1ae0 .functor NOT 1, v0000014472a92e60_0, C4<0>, C4<0>, C4<0>;
L_0000014472aa1ed0 .functor NOT 1, v0000014472a92a00_0, C4<0>, C4<0>, C4<0>;
L_0000014472aa2100 .functor OR 1, L_0000014472aa1ae0, L_0000014472aa1ed0, C4<0>, C4<0>;
L_0000014472aa1f40 .functor OR 1, L_0000014472aa2100, v0000014472a91fd0_0, C4<0>, C4<0>;
L_0000014472aa1fb0 .functor NOT 1, v0000014472a92f00_0, C4<0>, C4<0>, C4<0>;
L_0000014472aa1300 .functor OR 1, L_0000014472aa1f40, L_0000014472aa1fb0, C4<0>, C4<0>;
L_0000014472aa1370 .functor AND 1, L_0000014472aa1ca0, L_0000014472aa1300, C4<1>, C4<1>;
v0000014472a27960_0 .net *"_ivl_0", 0 0, L_0000014472a2d7a0;  1 drivers
v0000014472a269c0_0 .net *"_ivl_10", 0 0, L_0000014472a2d810;  1 drivers
v0000014472a27a00_0 .net *"_ivl_100", 0 0, L_0000014472a94eb0;  1 drivers
v0000014472a27be0_0 .net *"_ivl_102", 0 0, L_0000014472a97620;  1 drivers
v0000014472a89fa0_0 .net *"_ivl_106", 0 0, L_0000014472a97000;  1 drivers
v0000014472a89780_0 .net *"_ivl_108", 0 0, L_0000014472a97700;  1 drivers
v0000014472a893c0_0 .net *"_ivl_110", 0 0, L_0000014472a96890;  1 drivers
v0000014472a891e0_0 .net *"_ivl_112", 0 0, L_0000014472a96970;  1 drivers
v0000014472a88920_0 .net *"_ivl_114", 0 0, L_0000014472a96b30;  1 drivers
v0000014472a89a00_0 .net *"_ivl_116", 0 0, L_0000014472a97690;  1 drivers
v0000014472a8a720_0 .net *"_ivl_118", 0 0, L_0000014472a97770;  1 drivers
v0000014472a890a0_0 .net *"_ivl_12", 0 0, L_0000014472a2dab0;  1 drivers
v0000014472a89640_0 .net *"_ivl_120", 0 0, L_0000014472a97380;  1 drivers
v0000014472a8a220_0 .net *"_ivl_122", 0 0, L_0000014472a96900;  1 drivers
v0000014472a89500_0 .net *"_ivl_124", 0 0, L_0000014472a97230;  1 drivers
v0000014472a89960_0 .net *"_ivl_126", 0 0, L_0000014472a97310;  1 drivers
v0000014472a89c80_0 .net *"_ivl_128", 0 0, L_0000014472a969e0;  1 drivers
v0000014472a88ce0_0 .net *"_ivl_130", 0 0, L_0000014472a972a0;  1 drivers
v0000014472a896e0_0 .net *"_ivl_132", 0 0, L_0000014472a96e40;  1 drivers
v0000014472a88880_0 .net *"_ivl_134", 0 0, L_0000014472a96ba0;  1 drivers
v0000014472a889c0_0 .net *"_ivl_136", 0 0, L_0000014472a973f0;  1 drivers
v0000014472a89140_0 .net *"_ivl_138", 0 0, L_0000014472a96c10;  1 drivers
v0000014472a88ba0_0 .net *"_ivl_140", 0 0, L_0000014472a96cf0;  1 drivers
v0000014472a8a680_0 .net *"_ivl_142", 0 0, L_0000014472a96c80;  1 drivers
v0000014472a8a5e0_0 .net *"_ivl_144", 0 0, L_0000014472a96d60;  1 drivers
v0000014472a89820_0 .net *"_ivl_146", 0 0, L_0000014472a96dd0;  1 drivers
v0000014472a88c40_0 .net *"_ivl_148", 0 0, L_0000014472a96eb0;  1 drivers
v0000014472a89dc0_0 .net *"_ivl_150", 0 0, L_0000014472a97070;  1 drivers
v0000014472a89aa0_0 .net *"_ivl_152", 0 0, L_0000014472a96f20;  1 drivers
v0000014472a898c0_0 .net *"_ivl_154", 0 0, L_0000014472a96a50;  1 drivers
v0000014472a8a2c0_0 .net *"_ivl_156", 0 0, L_0000014472a97150;  1 drivers
v0000014472a8a0e0_0 .net *"_ivl_158", 0 0, L_0000014472a970e0;  1 drivers
v0000014472a89d20_0 .net *"_ivl_16", 0 0, L_0000014472a2dd50;  1 drivers
v0000014472a89280_0 .net *"_ivl_160", 0 0, L_0000014472a971c0;  1 drivers
v0000014472a88d80_0 .net *"_ivl_162", 0 0, L_0000014472a96f90;  1 drivers
v0000014472a88a60_0 .net *"_ivl_164", 0 0, L_0000014472a975b0;  1 drivers
v0000014472a8a360_0 .net *"_ivl_166", 0 0, L_0000014472a96ac0;  1 drivers
v0000014472a89b40_0 .net *"_ivl_168", 0 0, L_0000014472a97460;  1 drivers
v0000014472a88b00_0 .net *"_ivl_170", 0 0, L_0000014472a974d0;  1 drivers
v0000014472a88e20_0 .net *"_ivl_172", 0 0, L_0000014472a980b0;  1 drivers
v0000014472a88ec0_0 .net *"_ivl_174", 0 0, L_0000014472a983c0;  1 drivers
v0000014472a89f00_0 .net *"_ivl_176", 0 0, L_0000014472a98200;  1 drivers
v0000014472a89be0_0 .net *"_ivl_178", 0 0, L_0000014472a98270;  1 drivers
v0000014472a89e60_0 .net *"_ivl_18", 0 0, L_0000014472a2d9d0;  1 drivers
v0000014472a8a540_0 .net *"_ivl_180", 0 0, L_0000014472a97fd0;  1 drivers
v0000014472a88f60_0 .net *"_ivl_182", 0 0, L_0000014472a97e80;  1 drivers
v0000014472a89000_0 .net *"_ivl_184", 0 0, L_0000014472a989e0;  1 drivers
v0000014472a8a040_0 .net *"_ivl_186", 0 0, L_0000014472a97ef0;  1 drivers
v0000014472a89460_0 .net *"_ivl_188", 0 0, L_0000014472a98040;  1 drivers
v0000014472a89320_0 .net *"_ivl_190", 0 0, L_0000014472a98350;  1 drivers
v0000014472a895a0_0 .net *"_ivl_192", 0 0, L_0000014472a97f60;  1 drivers
v0000014472a8a180_0 .net *"_ivl_194", 0 0, L_0000014472a98ac0;  1 drivers
v0000014472a8a400_0 .net *"_ivl_196", 0 0, L_0000014472a98430;  1 drivers
v0000014472a8a4a0_0 .net *"_ivl_198", 0 0, L_0000014472a98a50;  1 drivers
v0000014472a8ba00_0 .net *"_ivl_20", 0 0, L_0000014472a2ddc0;  1 drivers
v0000014472a8cf40_0 .net *"_ivl_200", 0 0, L_0000014472a98b30;  1 drivers
v0000014472a8b960_0 .net *"_ivl_202", 0 0, L_0000014472a98ba0;  1 drivers
v0000014472a8c2c0_0 .net *"_ivl_204", 0 0, L_0000014472a97cc0;  1 drivers
v0000014472a8ca40_0 .net *"_ivl_206", 0 0, L_0000014472a98120;  1 drivers
v0000014472a8baa0_0 .net *"_ivl_208", 0 0, L_0000014472a98190;  1 drivers
v0000014472a8c5e0_0 .net *"_ivl_212", 0 0, L_0000014472a98900;  1 drivers
v0000014472a8ce00_0 .net *"_ivl_214", 0 0, L_0000014472a97d30;  1 drivers
v0000014472a8c220_0 .net *"_ivl_216", 0 0, L_0000014472a97da0;  1 drivers
v0000014472a8c360_0 .net *"_ivl_218", 0 0, L_0000014472a982e0;  1 drivers
v0000014472a8c400_0 .net *"_ivl_22", 0 0, L_0000014472a2e290;  1 drivers
v0000014472a8cae0_0 .net *"_ivl_220", 0 0, L_0000014472a984a0;  1 drivers
v0000014472a8cb80_0 .net *"_ivl_222", 0 0, L_0000014472a98510;  1 drivers
v0000014472a8bb40_0 .net *"_ivl_224", 0 0, L_0000014472a98890;  1 drivers
v0000014472a8b8c0_0 .net *"_ivl_228", 0 0, L_0000014472a98580;  1 drivers
v0000014472a8b3c0_0 .net *"_ivl_230", 0 0, L_0000014472a985f0;  1 drivers
v0000014472a8b140_0 .net *"_ivl_232", 0 0, L_0000014472a97e10;  1 drivers
v0000014472a8bbe0_0 .net *"_ivl_234", 0 0, L_0000014472a98660;  1 drivers
v0000014472a8bc80_0 .net *"_ivl_236", 0 0, L_0000014472a98740;  1 drivers
v0000014472a8b5a0_0 .net *"_ivl_24", 0 0, L_0000014472a2e300;  1 drivers
v0000014472a8c180_0 .net *"_ivl_240", 0 0, L_0000014472a986d0;  1 drivers
v0000014472a8be60_0 .net *"_ivl_242", 0 0, L_0000014472a9ad70;  1 drivers
v0000014472a8b640_0 .net *"_ivl_244", 0 0, L_0000014472a9a210;  1 drivers
v0000014472a8b820_0 .net *"_ivl_246", 0 0, L_0000014472a9a910;  1 drivers
v0000014472a8c4a0_0 .net *"_ivl_248", 0 0, L_0000014472a9a360;  1 drivers
v0000014472a8c540_0 .net *"_ivl_250", 0 0, L_0000014472a9abb0;  1 drivers
v0000014472a8cea0_0 .net *"_ivl_252", 0 0, L_0000014472a9ad00;  1 drivers
v0000014472a8c860_0 .net *"_ivl_256", 0 0, L_0000014472a9a830;  1 drivers
v0000014472a8c680_0 .net *"_ivl_258", 0 0, L_0000014472a9a2f0;  1 drivers
v0000014472a8c720_0 .net *"_ivl_26", 0 0, L_0000014472a2e3e0;  1 drivers
v0000014472a8cc20_0 .net *"_ivl_260", 0 0, L_0000014472a9a520;  1 drivers
v0000014472a8bd20_0 .net *"_ivl_262", 0 0, L_0000014472a9af30;  1 drivers
v0000014472a8c040_0 .net *"_ivl_264", 0 0, L_0000014472a9a750;  1 drivers
v0000014472a8b0a0_0 .net *"_ivl_266", 0 0, L_0000014472a9a4b0;  1 drivers
v0000014472a8b280_0 .net *"_ivl_268", 0 0, L_0000014472a9a1a0;  1 drivers
v0000014472a8c7c0_0 .net *"_ivl_270", 0 0, L_0000014472a9aec0;  1 drivers
v0000014472a8ccc0_0 .net *"_ivl_272", 0 0, L_0000014472a9ae50;  1 drivers
v0000014472a8b6e0_0 .net *"_ivl_274", 0 0, L_0000014472a9a130;  1 drivers
v0000014472a8b1e0_0 .net *"_ivl_276", 0 0, L_0000014472a9a7c0;  1 drivers
v0000014472a8b500_0 .net *"_ivl_278", 0 0, L_0000014472a9ac90;  1 drivers
v0000014472a8c900_0 .net *"_ivl_28", 0 0, L_0000014472a2de30;  1 drivers
v0000014472a8c9a0_0 .net *"_ivl_280", 0 0, L_0000014472a9a3d0;  1 drivers
v0000014472a8b320_0 .net *"_ivl_282", 0 0, L_0000014472a9afa0;  1 drivers
v0000014472a8b460_0 .net *"_ivl_284", 0 0, L_0000014472a9a0c0;  1 drivers
v0000014472a8cd60_0 .net *"_ivl_286", 0 0, L_0000014472a9a280;  1 drivers
v0000014472a8b780_0 .net *"_ivl_288", 0 0, L_0000014472a9a440;  1 drivers
v0000014472a8bdc0_0 .net *"_ivl_290", 0 0, L_0000014472a9a590;  1 drivers
v0000014472a8bf00_0 .net *"_ivl_294", 0 0, L_0000014472a9a600;  1 drivers
v0000014472a8c0e0_0 .net *"_ivl_296", 0 0, L_0000014472a9a670;  1 drivers
v0000014472a8bfa0_0 .net *"_ivl_298", 0 0, L_0000014472a9aa60;  1 drivers
v0000014472a8ef00_0 .net *"_ivl_30", 0 0, L_0000014472a2e370;  1 drivers
v0000014472a8d600_0 .net *"_ivl_300", 0 0, L_0000014472a9a6e0;  1 drivers
v0000014472a8e280_0 .net *"_ivl_302", 0 0, L_0000014472a9a8a0;  1 drivers
v0000014472a8efa0_0 .net *"_ivl_304", 0 0, L_0000014472a9a980;  1 drivers
v0000014472a8d9c0_0 .net *"_ivl_306", 0 0, L_0000014472a9aad0;  1 drivers
v0000014472a8db00_0 .net *"_ivl_308", 0 0, L_0000014472a9ab40;  1 drivers
v0000014472a8ebe0_0 .net *"_ivl_310", 0 0, L_0000014472a9ac20;  1 drivers
v0000014472a8e780_0 .net *"_ivl_312", 0 0, L_0000014472aa1df0;  1 drivers
v0000014472a8f0e0_0 .net *"_ivl_314", 0 0, L_0000014472aa2090;  1 drivers
v0000014472a8f040_0 .net *"_ivl_316", 0 0, L_0000014472aa2170;  1 drivers
v0000014472a8e000_0 .net *"_ivl_318", 0 0, L_0000014472aa1a00;  1 drivers
v0000014472a8de20_0 .net *"_ivl_32", 0 0, L_0000014472a95070;  1 drivers
v0000014472a8f180_0 .net *"_ivl_320", 0 0, L_0000014472aa18b0;  1 drivers
v0000014472a8ed20_0 .net *"_ivl_322", 0 0, L_0000014472aa1610;  1 drivers
v0000014472a8dec0_0 .net *"_ivl_324", 0 0, L_0000014472aa1680;  1 drivers
v0000014472a8f220_0 .net *"_ivl_326", 0 0, L_0000014472aa1290;  1 drivers
v0000014472a8d7e0_0 .net *"_ivl_328", 0 0, L_0000014472aa1760;  1 drivers
v0000014472a8e320_0 .net *"_ivl_330", 0 0, L_0000014472aa1920;  1 drivers
v0000014472a8d6a0_0 .net *"_ivl_332", 0 0, L_0000014472aa2020;  1 drivers
v0000014472a8df60_0 .net *"_ivl_334", 0 0, L_0000014472aa16f0;  1 drivers
v0000014472a8d920_0 .net *"_ivl_336", 0 0, L_0000014472aa1b50;  1 drivers
v0000014472a8d880_0 .net *"_ivl_338", 0 0, L_0000014472aa1bc0;  1 drivers
v0000014472a8da60_0 .net *"_ivl_34", 0 0, L_0000014472a94f90;  1 drivers
v0000014472a8d740_0 .net *"_ivl_340", 0 0, L_0000014472aa1530;  1 drivers
v0000014472a8e0a0_0 .net *"_ivl_342", 0 0, L_0000014472aa1e60;  1 drivers
v0000014472a8ea00_0 .net *"_ivl_344", 0 0, L_0000014472aa17d0;  1 drivers
v0000014472a8dba0_0 .net *"_ivl_346", 0 0, L_0000014472aa15a0;  1 drivers
v0000014472a8e3c0_0 .net *"_ivl_348", 0 0, L_0000014472aa1a70;  1 drivers
v0000014472a8f2c0_0 .net *"_ivl_350", 0 0, L_0000014472aa1d10;  1 drivers
v0000014472a8e140_0 .net *"_ivl_352", 0 0, L_0000014472aa1840;  1 drivers
v0000014472a8dc40_0 .net *"_ivl_354", 0 0, L_0000014472aa1d80;  1 drivers
v0000014472a8dce0_0 .net *"_ivl_356", 0 0, L_0000014472aa1990;  1 drivers
v0000014472a8e460_0 .net *"_ivl_358", 0 0, L_0000014472aa1c30;  1 drivers
v0000014472a8e1e0_0 .net *"_ivl_36", 0 0, L_0000014472a94a50;  1 drivers
v0000014472a8e500_0 .net *"_ivl_360", 0 0, L_0000014472aa1ca0;  1 drivers
v0000014472a8d560_0 .net *"_ivl_362", 0 0, L_0000014472aa1ae0;  1 drivers
v0000014472a8e640_0 .net *"_ivl_364", 0 0, L_0000014472aa1ed0;  1 drivers
v0000014472a8f360_0 .net *"_ivl_366", 0 0, L_0000014472aa2100;  1 drivers
v0000014472a8dd80_0 .net *"_ivl_368", 0 0, L_0000014472aa1f40;  1 drivers
v0000014472a8e5a0_0 .net *"_ivl_370", 0 0, L_0000014472aa1fb0;  1 drivers
v0000014472a8ee60_0 .net *"_ivl_372", 0 0, L_0000014472aa1300;  1 drivers
v0000014472a8e6e0_0 .net *"_ivl_38", 0 0, L_0000014472a94890;  1 drivers
v0000014472a8eb40_0 .net *"_ivl_4", 0 0, L_0000014472a2d650;  1 drivers
v0000014472a8d4c0_0 .net *"_ivl_40", 0 0, L_0000014472a95380;  1 drivers
v0000014472a8e820_0 .net *"_ivl_42", 0 0, L_0000014472a94ac0;  1 drivers
v0000014472a8e8c0_0 .net *"_ivl_44", 0 0, L_0000014472a94ba0;  1 drivers
v0000014472a8e960_0 .net *"_ivl_46", 0 0, L_0000014472a95000;  1 drivers
v0000014472a8eaa0_0 .net *"_ivl_48", 0 0, L_0000014472a94b30;  1 drivers
v0000014472a8ec80_0 .net *"_ivl_50", 0 0, L_0000014472a94580;  1 drivers
v0000014472a8edc0_0 .net *"_ivl_52", 0 0, L_0000014472a952a0;  1 drivers
v0000014472a904f0_0 .net *"_ivl_54", 0 0, L_0000014472a94c10;  1 drivers
v0000014472a92070_0 .net *"_ivl_56", 0 0, L_0000014472a94c80;  1 drivers
v0000014472a90bd0_0 .net *"_ivl_58", 0 0, L_0000014472a945f0;  1 drivers
v0000014472a90f90_0 .net *"_ivl_6", 0 0, L_0000014472a2d880;  1 drivers
v0000014472a90590_0 .net *"_ivl_60", 0 0, L_0000014472a95310;  1 drivers
v0000014472a91710_0 .net *"_ivl_62", 0 0, L_0000014472a94cf0;  1 drivers
v0000014472a91350_0 .net *"_ivl_64", 0 0, L_0000014472a953f0;  1 drivers
v0000014472a913f0_0 .net *"_ivl_68", 0 0, L_0000014472a94900;  1 drivers
v0000014472a906d0_0 .net *"_ivl_70", 0 0, L_0000014472a94510;  1 drivers
v0000014472a91030_0 .net *"_ivl_72", 0 0, L_0000014472a947b0;  1 drivers
v0000014472a90630_0 .net *"_ivl_74", 0 0, L_0000014472a94f20;  1 drivers
v0000014472a910d0_0 .net *"_ivl_76", 0 0, L_0000014472a94660;  1 drivers
v0000014472a91990_0 .net *"_ivl_78", 0 0, L_0000014472a94d60;  1 drivers
v0000014472a92110_0 .net *"_ivl_8", 0 0, L_0000014472a2d730;  1 drivers
v0000014472a91170_0 .net *"_ivl_80", 0 0, L_0000014472a95150;  1 drivers
v0000014472a91cb0_0 .net *"_ivl_82", 0 0, L_0000014472a94820;  1 drivers
v0000014472a90770_0 .net *"_ivl_84", 0 0, L_0000014472a94740;  1 drivers
v0000014472a91a30_0 .net *"_ivl_86", 0 0, L_0000014472a94970;  1 drivers
v0000014472a91ad0_0 .net *"_ivl_88", 0 0, L_0000014472a946d0;  1 drivers
v0000014472a91b70_0 .net *"_ivl_90", 0 0, L_0000014472a949e0;  1 drivers
v0000014472a92250_0 .net *"_ivl_92", 0 0, L_0000014472a950e0;  1 drivers
v0000014472a922f0_0 .net *"_ivl_94", 0 0, L_0000014472a951c0;  1 drivers
v0000014472a91210_0 .net *"_ivl_96", 0 0, L_0000014472a94dd0;  1 drivers
v0000014472a912b0_0 .net *"_ivl_98", 0 0, L_0000014472a94e40;  1 drivers
v0000014472a90b30_0 .net "pa", 0 0, L_0000014472a98970;  alias, 1 drivers
v0000014472a91df0_0 .net "pb", 0 0, L_0000014472a987b0;  alias, 1 drivers
v0000014472a90810_0 .net "pc", 0 0, L_0000014472a9ade0;  alias, 1 drivers
v0000014472a91490_0 .net "pd", 0 0, L_0000014472a9a9f0;  alias, 1 drivers
v0000014472a91c10_0 .net "pe", 0 0, L_0000014472aa1370;  alias, 1 drivers
v0000014472a91530_0 .net "sa", 0 0, L_0000014472a2dce0;  alias, 1 drivers
v0000014472a90db0_0 .net "sb", 0 0, L_0000014472a2dea0;  alias, 1 drivers
v0000014472a921b0_0 .net "sc", 0 0, L_0000014472a95230;  alias, 1 drivers
v0000014472a90e50_0 .net "sd", 0 0, L_0000014472a97540;  alias, 1 drivers
v0000014472a91670_0 .net "se", 0 0, L_0000014472a98820;  alias, 1 drivers
v0000014472a90c70_0 .net "w", 0 0, v0000014472a91fd0_0;  1 drivers
v0000014472a91d50_0 .net "x", 0 0, v0000014472a92e60_0;  1 drivers
v0000014472a915d0_0 .net "y", 0 0, v0000014472a92a00_0;  1 drivers
v0000014472a90d10_0 .net "z", 0 0, v0000014472a92f00_0;  1 drivers
    .scope S_0000014472a0d500;
T_0 ;
    %vpi_call 2 33 "$display", "x y z w | SoP_a SoP_b SoP_c SoP_d SoP_e | PoS_a PoS_b PoS_c PoS_d PoS_e" {0 0 0};
    %vpi_call 2 34 "$monitor", "%b %b %b %b |  %b    %b    %b    %b    %b  |  %b    %b    %b    %b    %b", v0000014472a92e60_0, v0000014472a92a00_0, v0000014472a92f00_0, v0000014472a91fd0_0, v0000014472a90950_0, v0000014472a91f30_0, v0000014472a90a90_0, v0000014472a92390_0, v0000014472a90ef0_0, v0000014472a918f0_0, v0000014472a917b0_0, v0000014472a91850_0, v0000014472a908b0_0, v0000014472a909f0_0 {0 0 0};
    %pushi/vec4 0, 0, 4;
    %store/vec4 v0000014472a91e90_0, 0, 4;
T_0.0 ;
    %load/vec4 v0000014472a91e90_0;
    %pad/u 32;
    %cmpi/u 16, 0, 32;
    %jmp/0xz T_0.1, 5;
    %load/vec4 v0000014472a91e90_0;
    %split/vec4 1;
    %store/vec4 v0000014472a91fd0_0, 0, 1;
    %split/vec4 1;
    %store/vec4 v0000014472a92f00_0, 0, 1;
    %split/vec4 1;
    %store/vec4 v0000014472a92a00_0, 0, 1;
    %store/vec4 v0000014472a92e60_0, 0, 1;
    %delay 10, 0;
    %load/vec4 v0000014472a91e90_0;
    %addi 1, 0, 4;
    %store/vec4 v0000014472a91e90_0, 0, 4;
    %jmp T_0.0;
T_0.1 ;
    %end;
    .thread T_0;
# The file index is used to find the file name in the following table.
:file_names 3;
    "N/A";
    "<interactive>";
    "Guia_0405.v";
